  Game.cpp
D:\C++\Geometry Wars\Geometry Wars\Game.cpp(153,11): warning C4244: 'initializing': conversion from 'T' to 'float', possible loss of data
          with
          [
              T=unsigned int
          ]
D:\C++\Geometry Wars\Geometry Wars\Game.cpp(154,11): warning C4244: 'initializing': conversion from 'T' to 'float', possible loss of data
          with
          [
              T=unsigned int
          ]
D:\C++\Geometry Wars\Geometry Wars\Game.cpp(157,10): warning C4244: 'initializing': conversion from 'int' to 'float', possible loss of data
D:\C++\Geometry Wars\Geometry Wars\Game.cpp(159,11): warning C4244: 'initializing': conversion from 'int' to 'float', possible loss of data
D:\C++\Geometry Wars\Geometry Wars\Game.cpp(160,11): warning C4244: 'initializing': conversion from 'int' to 'float', possible loss of data
D:\C++\Geometry Wars\Geometry Wars\Game.cpp(161,11): warning C4244: 'initializing': conversion from 'int' to 'float', possible loss of data
D:\C++\Geometry Wars\Geometry Wars\Game.cpp(168,21): warning C4244: 'argument': conversion from 'float' to 'sf::Uint8', possible loss of data
D:\C++\Geometry Wars\Geometry Wars\Game.cpp(168,17): warning C4244: 'argument': conversion from 'float' to 'sf::Uint8', possible loss of data
D:\C++\Geometry Wars\Geometry Wars\Game.cpp(168,13): warning C4244: 'argument': conversion from 'float' to 'sf::Uint8', possible loss of data
D:\C++\Geometry Wars\Geometry Wars\Game.cpp(180,18): warning C4244: 'initializing': conversion from 'size_t' to 'float', possible loss of data
D:\C++\Geometry Wars\Geometry Wars\Game.cpp(181,14): warning C4244: 'initializing': conversion from 'double' to 'float', possible loss of data
D:\C++\Geometry Wars\Geometry Wars\Game.cpp(186,11): warning C4244: 'initializing': conversion from 'int' to 'float', possible loss of data
D:\C++\Geometry Wars\Geometry Wars\Game.cpp(356,70): warning C4244: 'argument': conversion from 'int' to 'float', possible loss of data
D:\C++\Geometry Wars\Geometry Wars\Game.cpp(356,49): warning C4244: 'argument': conversion from 'int' to 'float', possible loss of data
D:\C++\Geometry Wars\Geometry Wars\Game.cpp(361,70): warning C4244: 'argument': conversion from 'int' to 'float', possible loss of data
D:\C++\Geometry Wars\Geometry Wars\Game.cpp(361,49): warning C4244: 'argument': conversion from 'int' to 'float', possible loss of data
D:\C++\Geometry Wars\Geometry Wars\Game.cpp(420,14): warning C4244: 'initializing': conversion from 'int' to 'float', possible loss of data
D:\C++\Geometry Wars\Geometry Wars\Game.cpp(421,18): warning C4244: 'initializing': conversion from 'int' to 'float', possible loss of data
D:\C++\Geometry Wars\Geometry Wars\Game.cpp(429,73): warning C4244: 'argument': conversion from 'float' to 'sf::Uint8', possible loss of data
D:\C++\Geometry Wars\Geometry Wars\Game.cpp(430,76): warning C4244: 'argument': conversion from 'float' to 'sf::Uint8', possible loss of data
C:\Program Files\Microsoft Visual Studio\2022\Community\VC\Tools\MSVC\14.35.32215\include\xutility(275,77): warning C4244: 'argument': conversion from 'int' to 'float', possible loss of data
C:\Program Files\Microsoft Visual Studio\2022\Community\VC\Tools\MSVC\14.35.32215\include\memory(1983): message : see reference to function template instantiation 'void std::_Construct_in_place<_Ty,int&,int&,sf::Color,sf::Color,int&>(_Ty &,int &,int &,sf::Color &&,sf::Color &&,int &) noexcept(false)' being compiled
          with
          [
              _Ty=CShape
          ]
C:\Program Files\Microsoft Visual Studio\2022\Community\VC\Tools\MSVC\14.35.32215\include\memory(2663): message : see reference to function template instantiation 'std::_Ref_count_obj2<CShape>::_Ref_count_obj2<int&,int&,_Ty,_Ty,int&>(int &,int &,_Ty &&,_Ty &&,int &)' being compiled
          with
          [
              _Ty=sf::Color
          ]
C:\Program Files\Microsoft Visual Studio\2022\Community\VC\Tools\MSVC\14.35.32215\include\memory(2664,20): message : see reference to function template instantiation 'std::_Ref_count_obj2<CShape>::_Ref_count_obj2<int&,int&,_Ty,_Ty,int&>(int &,int &,_Ty &&,_Ty &&,int &)' being compiled
          with
          [
              _Ty=sf::Color
          ]
D:\C++\Geometry Wars\Geometry Wars\Game.cpp(138,20): message : see reference to function template instantiation 'std::shared_ptr<CShape> std::make_shared<CShape,int&,int&,sf::Color,sf::Color,int&>(int &,int &,sf::Color &&,sf::Color &&,int &)' being compiled
C:\Program Files\Microsoft Visual Studio\2022\Community\VC\Tools\MSVC\14.35.32215\include\xutility(275,77): warning C4244: 'argument': conversion from 'float' to 'int', possible loss of data
C:\Program Files\Microsoft Visual Studio\2022\Community\VC\Tools\MSVC\14.35.32215\include\xutility(275,77): warning C4244: 'argument': conversion from '_Ty' to 'int', possible loss of data
          with
          [
              _Ty=float
          ]
C:\Program Files\Microsoft Visual Studio\2022\Community\VC\Tools\MSVC\14.35.32215\include\memory(1983): message : see reference to function template instantiation 'void std::_Construct_in_place<_Ty,float>(_Ty &,float &&) noexcept(false)' being compiled
          with
          [
              _Ty=CScore
          ]
C:\Program Files\Microsoft Visual Studio\2022\Community\VC\Tools\MSVC\14.35.32215\include\memory(2663): message : see reference to function template instantiation 'std::_Ref_count_obj2<CScore>::_Ref_count_obj2<_Ty>(_Ty &&)' being compiled
          with
          [
              _Ty=float
          ]
C:\Program Files\Microsoft Visual Studio\2022\Community\VC\Tools\MSVC\14.35.32215\include\memory(2664,20): message : see reference to function template instantiation 'std::_Ref_count_obj2<CScore>::_Ref_count_obj2<_Ty>(_Ty &&)' being compiled
          with
          [
              _Ty=float
          ]
D:\C++\Geometry Wars\Geometry Wars\Game.cpp(172,51): message : see reference to function template instantiation 'std::shared_ptr<CScore> std::make_shared<CScore,float>(float &&)' being compiled
C:\Program Files\Microsoft Visual Studio\2022\Community\VC\Tools\MSVC\14.35.32215\include\xutility(275,77): warning C4244: 'argument': conversion from '_Ty' to 'float', possible loss of data
          with
          [
              _Ty=int
          ]
C:\Program Files\Microsoft Visual Studio\2022\Community\VC\Tools\MSVC\14.35.32215\include\memory(1983): message : see reference to function template instantiation 'void std::_Construct_in_place<_Ty,Vec2&,Vec2,int>(_Ty &,Vec2 &,Vec2 &&,int &&) noexcept(false)' being compiled
          with
          [
              _Ty=CTransform
          ]
C:\Program Files\Microsoft Visual Studio\2022\Community\VC\Tools\MSVC\14.35.32215\include\memory(2663): message : see reference to function template instantiation 'std::_Ref_count_obj2<CTransform>::_Ref_count_obj2<Vec2&,_Ty,int>(Vec2 &,_Ty &&,int &&)' being compiled
          with
          [
              _Ty=Vec2
          ]
C:\Program Files\Microsoft Visual Studio\2022\Community\VC\Tools\MSVC\14.35.32215\include\memory(2664,20): message : see reference to function template instantiation 'std::_Ref_count_obj2<CTransform>::_Ref_count_obj2<Vec2&,_Ty,int>(Vec2 &,_Ty &&,int &&)' being compiled
          with
          [
              _Ty=Vec2
          ]
D:\C++\Geometry Wars\Geometry Wars\Game.cpp(220,68): message : see reference to function template instantiation 'std::shared_ptr<CTransform> std::make_shared<CTransform,Vec2&,Vec2,int>(Vec2 &,Vec2 &&,int &&)' being compiled
  Generating code
  3 of 653 functions ( 0.5%) were compiled, the rest were copied from previous compilation.
    0 functions were new in current compilation
    0 functions had inline decision re-evaluated but remain unchanged
  Finished generating code
  Geometry Wars.vcxproj -> D:\C++\Geometry Wars\x64\Release\Geometry Wars.exe
